android/app/build/outputs/mapping/release/seeds.txt
com.rastgelesiirios.MainActivity
com.rastgelesiirios.MainActivity: MainActivity()
com.rastgelesiirios.MainApplication
com.rastgelesiirios.MainApplication: MainApplication()
com.rastgelesiirios.R$anim: int abc_fade_in
com.rastgelesiirios.R$anim: int abc_fade_out
com.rastgelesiirios.R$anim: int abc_grow_fade_in_from_bottom
com.rastgelesiirios.R$anim: int abc_popup_enter
com.rastgelesiirios.R$anim: int abc_popup_exit
com.rastgelesiirios.R$anim: int abc_shrink_fade_out_from_bottom
com.rastgelesiirios.R$anim: int abc_slide_in_bottom
com.rastgelesiirios.R$anim: int abc_slide_in_top
com.rastgelesiirios.R$anim: int abc_slide_out_bottom
com.rastgelesiirios.R$anim: int abc_slide_out_top
com.rastgelesiirios.R$anim: int abc_tooltip_enter
com.rastgelesiirios.R$anim: int abc_tooltip_exit
com.rastgelesiirios.R$anim: int catalyst_fade_in
com.rastgelesiirios.R$anim: int catalyst_fade_out
com.rastgelesiirios.R$anim: int catalyst_push_up_in
com.rastgelesiirios.R$anim: int catalyst_push_up_out
com.rastgelesiirios.R$anim: int catalyst_slide_down
com.rastgelesiirios.R$anim: int catalyst_slide_up
com.rastgelesiirios.R$attr: int actionBarDivider
com.rastgelesiirios.R$attr: int actionBarItemBackground
com.rastgelesiirios.R$attr: int actionBarPopupTheme
com.rastgelesiirios.R$attr: int actionBarSize
com.rastgelesiirios.R$attr: int actionBarSplitStyle
com.rastgelesiirios.R$attr: int actionBarStyle
com.rastgelesiirios.R$attr: int actionBarTabBarStyle
com.rastgelesiirios.R$attr: int actionBarTabStyle
com.rastgelesiirios.R$attr: int actionBarTabTextStyle
com.rastgelesiirios.R$attr: int actionBarTheme
com.rastgelesiirios.R$attr: int actionBarWidgetTheme
com.rastgelesiirios.R$attr: int actionButtonStyle
com.rastgelesiirios.R$attr: int actionDropDownStyle
com.rastgelesiirios.R$attr: int actionLayout
com.rastgelesiirios.R$attr: int actionMenuTextAppearance
com.rastgelesiirios.R$attr: int actionMenuTextColor
com.rastgelesiirios.R$attr: int actionModeBackground
com.rastgelesiirios.R$attr: int actionModeCloseButtonStyle
com.rastgelesiirios.R$attr: int actionModeCloseDrawable
com.rastgelesiirios.R$attr: int actionModeCopyDrawable
com.rastgelesiirios.R$attr: int actionModeCutDrawable
com.rastgelesiirios.R$attr: int actionModeFindDrawable
com.rastgelesiirios.R$attr: int actionModePasteDrawable
com.rastgelesiirios.R$attr: int actionModePopupWindowStyle
com.rastgelesiirios.R$attr: int actionModeSelectAllDrawable
com.rastgelesiirios.R$attr: int actionModeShareDrawable
com.rastgelesiirios.R$attr: int actionModeSplitBackground
com.rastgelesiirios.R$attr: int actionModeStyle
com.rastgelesiirios.R$bool: int abc_action_bar_embed_tabs
com.rastgelesiirios.R$bool: int abc_allow_stacked_button_bar
com.rastgelesiirios.R$bool: int abc_config_actionMenuItemAllCaps
...
okhttp3.OkHttpClient$1
okhttp3.OkHttpClient$1: OkHttpClient$1()
okhttp3.OkHttpClient$1: void addLenient(okhttp3.Headers$Builder,java.lang.String)
okhttp3.OkHttpClient$1: void addLenient(okhttp3.Headers$Builder,java.lang.String,java.lang.String)
okhttp3.OkHttpClient$1: void setCache(okhttp3.OkHttpClient$Builder,okhttp3.internal.cache.InternalCache)
okhttp3.OkHttpClient$1: boolean connectionBecameIdle(okhttp3.ConnectionPool,okhttp3.internal.connection.RealConnection)
okhttp3.OkHttpClient$1: okhttp3.internal.connection.RealConnection get(okhttp3.ConnectionPool,okhttp3.Address,okhttp3.internal.connection.StreamAllocation,okhttp3.Route)
okhttp3.OkHttpClient$1: boolean equalsNonHost(okhttp3.Address,okhttp3.Address)
okhttp3.OkHttpClient$1: java.net.Socket deduplicate(okhttp3.ConnectionPool,okhttp3.Address,okhttp3.internal.connection.StreamAllocation)
okhttp3.OkHttpClient$1: void put(okhttp3.ConnectionPool,okhttp3.internal.connection.RealConnection)
okhttp3.OkHttpClient$1: okhttp3.internal.connection.RouteDatabase routeDatabase(okhttp3.ConnectionPool)
okhttp3.OkHttpClient$1: int code(okhttp3.Response$Builder)
okhttp3.OkHttpClient$1: void apply(okhttp3.ConnectionSpec,javax.net.ssl.SSLSocket,boolean)
okhttp3.OkHttpClient$1: boolean isInvalidHttpUrlHost(java.lang.IllegalArgumentException)
okhttp3.OkHttpClient$1: okhttp3.internal.connection.StreamAllocation streamAllocation(okhttp3.Call)
okhttp3.OkHttpClient$1: java.io.IOException timeoutExit(okhttp3.Call,java.io.IOException)
okhttp3.OkHttpClient$Builder
okhttp3.OkHttpClient$Builder: okhttp3.Dispatcher dispatcher
okhttp3.OkHttpClient$Builder: java.net.Proxy proxy
okhttp3.OkHttpClient$Builder: java.util.List protocols
okhttp3.OkHttpClient$Builder: java.util.List connectionSpecs
okhttp3.OkHttpClient$Builder: java.util.List interceptors
okhttp3.OkHttpClient$Builder: java.util.List networkInterceptors
okhttp3.OkHttpClient$Builder: okhttp3.EventListener$Factory eventListenerFactory
okhttp3.OkHttpClient$Builder: java.net.ProxySelector proxySelector
okhttp3.OkHttpClient$Builder: okhttp3.CookieJar cookieJar
okhttp3.OkHttpClient$Builder: okhttp3.Cache cache
okhttp3.OkHttpClient$Builder: okhttp3.internal.cache.InternalCache internalCache
okhttp3.OkHttpClient$Builder: javax.net.SocketFactory socketFactory
okhttp3.OkHttpClient$Builder: javax.net.ssl.SSLSocketFactory sslSocketFactory
okhttp3.OkHttpClient$Builder: okhttp3.internal.tls.CertificateChainCleaner certificateChainCleaner
okhttp3.OkHttpClient$Builder: javax.net.ssl.HostnameVerifier hostnameVerifier
okhttp3.OkHttpClient$Builder: okhttp3.CertificatePinner certificatePinner
okhttp3.OkHttpClient$Builder: okhttp3.Authenticator proxyAuthenticator
okhttp3.OkHttpClient$Builder: okhttp3.Authenticator authenticator
okhttp3.OkHttpClient$Builder: okhttp3.ConnectionPool connectionPool
okhttp3.OkHttpClient$Builder: okhttp3.Dns dns
okhttp3.OkHttpClient$Builder: boolean followSslRedirects
okhttp3.OkHttpClient$Builder: boolean followRedirects
okhttp3.OkUrlFactory
okhttp3.OkUrlFactory: okhttp3.OkHttpClient client
okhttp3.OkUrlFactory: okhttp3.internal.URLFilter urlFilter
okhttp3.OkUrlFactory: OkUrlFactory(okhttp3.OkHttpClient)
okhttp3.OkUrlFactory: okhttp3.OkHttpClient client()
okhttp3.OkUrlFactory: okhttp3.OkUrlFactory setClient(okhttp3.OkHttpClient)
okhttp3.OkUrlFactory: void setUrlFilter(okhttp3.internal.URLFilter)
okhttp3.OkUrlFactory: okhttp3.OkUrlFactory clone()
okhttp3.OkUrlFactory: java.net.HttpURLConnection open(java.net.URL)
okhttp3.OkUrlFactory: java.net.HttpURLConnection open(java.net.URL,java.net.Proxy)
okhttp3.OkUrlFactory: java.net.URLStreamHandler createURLStreamHandler(java.lang.String)
okhttp3.OkUrlFactory: java.lang.Object clone()