android/app/build/outputs/mapping/release/mapping.txt
com.rastgelesiirios.MainActivity -> com.rastgelesiirios.MainActivity:
    void <init>() -> <init>
    java.lang.String getMainComponentName() -> k
com.rastgelesiirios.MainApplication -> com.rastgelesiirios.MainApplication:
    com.facebook.react.ReactNativeHost mReactNativeHost -> a
    void <init>() -> <init>
    com.facebook.react.ReactNativeHost getReactNativeHost() -> a
    void onCreate() -> onCreate
com.rastgelesiirios.MainApplication$1 -> com.rastgelesiirios.MainApplication$1:
    com.rastgelesiirios.MainApplication this$0 -> a
    void <init>(com.rastgelesiirios.MainApplication,android.app.Application) -> <init>
    boolean getUseDeveloperSupport() -> k
    java.util.List getPackages() -> l
    java.lang.String getJSMainModuleName() -> h
...
com.google.android.gms.internal.ads.zzbby -> com.google.android.gms.internal.ads.aca:
com.google.android.gms.internal.ads.zzbbz -> com.google.android.gms.internal.ads.acb:
    java.util.Map$Entry zzdvi -> a
    void <init>(java.util.Map$Entry) -> <init>
    java.lang.Object getKey() -> getKey
    java.lang.Object getValue() -> getValue
    com.google.android.gms.internal.ads.zzbbx zzadv() -> a
    java.lang.Object setValue(java.lang.Object) -> setValue
    void <init>(java.util.Map$Entry,com.google.android.gms.internal.ads.zzbby) -> <init>
com.google.android.gms.internal.ads.zzbc -> com.google.android.gms.internal.ads.acc:
    java.lang.Long zzeq -> d
    java.lang.Long zzer -> e
    java.lang.Long zzgi -> a
    java.lang.Long zzgj -> b
    java.lang.Long zzgk -> c
    void <init>() -> <init>
    void zza(com.google.android.gms.internal.ads.zzbfa) -> a
    int zzr() -> a
    com.google.android.gms.internal.ads.zzbfi zza(com.google.android.gms.internal.ads.zzbez) -> a
com.google.android.gms.internal.ads.zzbca -> com.google.android.gms.internal.ads.acd:
    java.util.Iterator zzdvj -> a
    void <init>(java.util.Iterator) -> <init>
    boolean hasNext() -> hasNext
    void remove() -> remove
    java.lang.Object next() -> next
com.google.android.gms.internal.ads.zzbcb -> com.google.android.gms.internal.ads.ace:
    com.google.android.gms.internal.ads.zzbbb zzdph -> a
    com.google.android.gms.internal.ads.zzbah zzdvk -> b
    com.google.android.gms.internal.ads.zzbcu zzdvl -> c
    com.google.android.gms.internal.ads.zzbah zzdvm -> d
    void <init>() -> <init>
    boolean equals(java.lang.Object) -> equals
    int hashCode() -> hashCode
    com.google.android.gms.internal.ads.zzbcu zzk(com.google.android.gms.internal.ads.zzbcu) -> b
    com.google.android.gms.internal.ads.zzbcu zzl(com.google.android.gms.internal.ads.zzbcu) -> a
    int zzacw() -> b
    com.google.android.gms.internal.ads.zzbah zzaav() -> c
    void <clinit>() -> <clinit>
com.google.android.gms.internal.ads.zzbcc -> com.google.android.gms.internal.ads.acf:
    com.google.android.gms.internal.ads.zzbcc zzdvn -> a
    com.google.android.gms.internal.ads.zzbcd zzdvo -> b
    java.util.List zzdvp -> c
    void <init>() -> <init>
    void <init>(int) -> <init>
    void <init>(java.util.ArrayList) -> <init>
    int size() -> size
    boolean addAll(java.util.Collection) -> addAll
    boolean addAll(int,java.util.Collection) -> addAll
    void clear() -> clear
    void zzap(com.google.android.gms.internal.ads.zzbah) -> a
    java.lang.Object zzcp(int) -> b
    java.lang.String zzq(java.lang.Object) -> a
    java.util.List zzadw() -> d
    com.google.android.gms.internal.ads.zzbcd zzadx() -> e
    java.lang.Object set(int,java.lang.Object) -> set
    boolean retainAll(java.util.Collection) -> retainAll
    boolean removeAll(java.util.Collection) -> removeAll
    boolean remove(java.lang.Object) -> remove
    java.lang.Object remove(int) -> remove
    boolean zzaay() -> a
    void add(int,java.lang.Object) -> add
    int hashCode() -> hashCode
    boolean equals(java.lang.Object) -> equals
    com.google.android.gms.internal.ads.zzbbt zzbm(int) -> a
    java.lang.Object get(int) -> get
    void <clinit>() -> <clinit>
com.google.android.gms.internal.ads.zzbcd -> com.google.android.gms.internal.ads.acg:
    java.lang.Object zzcp(int) -> b
    void zzap(com.google.android.gms.internal.ads.zzbah) -> a
    java.util.List zzadw() -> d
    com.google.android.gms.internal.ads.zzbcd zzadx() -> e