android/app/build/outputs/mapping/release/usage.txt
com.rastgelesiirios.BuildConfig
com.rastgelesiirios.R
com.rastgelesiirios.R$anim
com.rastgelesiirios.R$attr
com.rastgelesiirios.R$bool
com.rastgelesiirios.R$color
com.rastgelesiirios.R$dimen
com.rastgelesiirios.R$drawable
com.rastgelesiirios.R$id
com.rastgelesiirios.R$integer
com.rastgelesiirios.R$layout
com.rastgelesiirios.R$mipmap
com.rastgelesiirios.R$string
com.rastgelesiirios.R$style
com.rastgelesiirios.R$styleable
com.rastgelesiirios.R$xml
...
android.support.swiperefreshlayout.R$integer
android.support.swiperefreshlayout.R$layout
android.support.swiperefreshlayout.R$string
android.support.swiperefreshlayout.R$style
android.support.swiperefreshlayout.R$styleable
android.support.v13.view.DragAndDropPermissionsCompat
android.support.v13.view.DragStartHelper
android.support.v13.view.DragStartHelper$1
android.support.v13.view.DragStartHelper$2
android.support.v13.view.DragStartHelper$OnDragStartListener
android.support.v13.view.inputmethod.EditorInfoCompat
android.support.v13.view.inputmethod.InputConnectionCompat
android.support.v13.view.inputmethod.InputConnectionCompat$1
android.support.v13.view.inputmethod.InputConnectionCompat$2
android.support.v13.view.inputmethod.InputConnectionCompat$OnCommitContentListener
android.support.v13.view.inputmethod.InputContentInfoCompat
android.support.v13.view.inputmethod.InputContentInfoCompat$InputContentInfoCompatApi25Impl
android.support.v13.view.inputmethod.InputContentInfoCompat$InputContentInfoCompatBaseImpl
android.support.v13.view.inputmethod.InputContentInfoCompat$InputContentInfoCompatImpl
android.support.v4.BuildConfig
android.support.v4.R
android.support.v4.R$attr
android.support.v4.R$bool
android.support.v4.R$color
android.support.v4.R$dimen
android.support.v4.R$drawable
android.support.v4.R$id
android.support.v4.R$integer
android.support.v4.R$layout
android.support.v4.R$string
android.support.v4.R$style
android.support.v4.R$styleable
android.support.v4.accessibilityservice.AccessibilityServiceInfoCompat
android.support.v4.app.ActionBarDrawerToggle
android.support.v4.app.ActionBarDrawerToggle$Delegate
android.support.v4.app.ActionBarDrawerToggle$DelegateProvider
android.support.v4.app.ActionBarDrawerToggle$SetIndicatorInfo
android.support.v4.app.ActionBarDrawerToggle$SlideDrawable
android.support.v4.app.ActivityCompat:
    149:151:protected ActivityCompat()
    161:162:public static void setPermissionCompatDelegate(android.support.v4.app.ActivityCompat$PermissionCompatDelegate)
    207:208:public static boolean invalidateOptionsMenu(android.app.Activity)
    233:238:public static void startActivityForResult(android.app.Activity,android.content.Intent,int,android.os.Bundle)
    270:277:public static void startIntentSenderForResult(android.app.Activity,android.content.IntentSender,int,android.content.Intent,int,int,int,android.os.Bundle)
    304:309:public static void finishAfterTransition(android.app.Activity)
    329:341:public static android.net.Uri getReferrer(android.app.Activity)
    362:370:public static android.view.View requireViewById(android.app.Activity,int)
    383:389:public static void setEnterSharedElementCallback(android.app.Activity,android.support.v4.app.SharedElementCallback)
    402:408:public static void setExitSharedElementCallback(android.app.Activity,android.support.v4.app.SharedElementCallback)
    411:414:public static void postponeEnterTransition(android.app.Activity)
    417:420:public static void startPostponedEnterTransition(android.app.Activity)
    491:524:public static void requestPermissions(android.app.Activity,java.lang.String[],int)
    548:551:public static boolean shouldShowRequestPermissionRationale(android.app.Activity,java.lang.String)
android.support.v4.app.ActivityCompat$1
android.support.v4.app.ActivityCompat$OnRequestPermissionsResultCallback
android.support.v4.app.ActivityCompat$PermissionCompatDelegate:
    public abstract boolean requestPermissions(android.app.Activity,java.lang.String[],int)
android.support.v4.app.ActivityCompat$RequestPermissionsRequestCodeValidator
android.support.v4.app.ActivityCompat$SharedElementCallback21Impl
android.support.v4.app.ActivityCompat$SharedElementCallback21Impl$1
android.support.v4.app.ActivityManagerCompat
android.support.v4.app.ActivityOptionsCompat
android.support.v4.app.ActivityOptionsCompat$ActivityOptionsCompatImpl
android.support.v4.app.AlarmManagerCompat
android.support.v4.app.AppComponentFactory